c:\users\ruben\documents\uoc\programaciongrafica\pec2\pacman\_build\obj\x64\debug\pacman\vc143.pdb
c:\users\ruben\documents\uoc\programaciongrafica\pec2\pacman\_build\obj\x64\debug\pacman\vc143.idb
c:\users\ruben\documents\uoc\programaciongrafica\pec2\pacman\_build\obj\x64\debug\pacman\screen_title.obj
c:\users\ruben\documents\uoc\programaciongrafica\pec2\pacman\_build\obj\x64\debug\pacman\screen_options.obj
c:\users\ruben\documents\uoc\programaciongrafica\pec2\pacman\_build\obj\x64\debug\pacman\screen_logo.obj
c:\users\ruben\documents\uoc\programaciongrafica\pec2\pacman\_build\obj\x64\debug\pacman\screen_gameplay.obj
c:\users\ruben\documents\uoc\programaciongrafica\pec2\pacman\_build\obj\x64\debug\pacman\screen_ending.obj
c:\users\ruben\documents\uoc\programaciongrafica\pec2\pacman\_build\obj\x64\debug\pacman\raylib_game.obj
c:\users\ruben\documents\uoc\programaciongrafica\pec2\pacman\_build\obj\x64\debug\pacman\texturemanager.obj
c:\users\ruben\documents\uoc\programaciongrafica\pec2\pacman\_build\obj\x64\debug\pacman\player.obj
c:\users\ruben\documents\uoc\programaciongrafica\pec2\pacman\_build\obj\x64\debug\pacman\pacman.obj
c:\users\ruben\documents\uoc\programaciongrafica\pec2\pacman\_build\obj\x64\debug\pacman\filemanager.obj
c:\users\ruben\documents\uoc\programaciongrafica\pec2\pacman\_build\obj\x64\debug\pacman\enemymanager.obj
c:\users\ruben\documents\uoc\programaciongrafica\pec2\pacman\_build\obj\x64\debug\pacman\enemy.obj
c:\users\ruben\documents\uoc\programaciongrafica\pec2\pacman\_build\obj\x64\debug\pacman\audiomanager.obj
c:\users\ruben\documents\uoc\programaciongrafica\pec2\pacman\_build\obj\x64\debug\pacman\gamemanager.obj
c:\users\ruben\documents\uoc\programaciongrafica\pec2\pacman\_bin\debug\pacman.exe
c:\users\ruben\documents\uoc\programaciongrafica\pec2\pacman\_build\obj\x64\debug\pacman\pacman.ilk
c:\users\ruben\documents\uoc\programaciongrafica\pec2\pacman\_bin\debug\pacman.pdb
c:\users\ruben\documents\uoc\programaciongrafica\pec2\pacman\_build\obj\x64\debug\pacman\texturemanager.obj.enc
c:\users\ruben\documents\uoc\programaciongrafica\pec2\pacman\_build\obj\x64\debug\pacman\pacman.tlog\cl.command.1.tlog
c:\users\ruben\documents\uoc\programaciongrafica\pec2\pacman\_build\obj\x64\debug\pacman\pacman.tlog\cl.read.1.tlog
c:\users\ruben\documents\uoc\programaciongrafica\pec2\pacman\_build\obj\x64\debug\pacman\pacman.tlog\cl.write.1.tlog
c:\users\ruben\documents\uoc\programaciongrafica\pec2\pacman\_build\obj\x64\debug\pacman\pacman.tlog\link.command.1.tlog
c:\users\ruben\documents\uoc\programaciongrafica\pec2\pacman\_build\obj\x64\debug\pacman\pacman.tlog\link.read.1.tlog
c:\users\ruben\documents\uoc\programaciongrafica\pec2\pacman\_build\obj\x64\debug\pacman\pacman.tlog\link.write.1.tlog
