c:\users\ruben\documents\uoc\programaciongrafica\pec2\pacman\_build\obj\x64\release\pacman\vc143.pdb
c:\users\ruben\documents\uoc\programaciongrafica\pec2\pacman\_build\obj\x64\release\pacman\texturemanager.obj
c:\users\ruben\documents\uoc\programaciongrafica\pec2\pacman\_build\obj\x64\release\pacman\screen_title.obj
c:\users\ruben\documents\uoc\programaciongrafica\pec2\pacman\_build\obj\x64\release\pacman\screen_options.obj
c:\users\ruben\documents\uoc\programaciongrafica\pec2\pacman\_build\obj\x64\release\pacman\screen_logo.obj
c:\users\ruben\documents\uoc\programaciongrafica\pec2\pacman\_build\obj\x64\release\pacman\screen_gameplay.obj
c:\users\ruben\documents\uoc\programaciongrafica\pec2\pacman\_build\obj\x64\release\pacman\screen_ending.obj
c:\users\ruben\documents\uoc\programaciongrafica\pec2\pacman\_build\obj\x64\release\pacman\player.obj
c:\users\ruben\documents\uoc\programaciongrafica\pec2\pacman\_build\obj\x64\release\pacman\pacman.obj
c:\users\ruben\documents\uoc\programaciongrafica\pec2\pacman\_build\obj\x64\release\pacman\gamemanager.obj
c:\users\ruben\documents\uoc\programaciongrafica\pec2\pacman\_build\obj\x64\release\pacman\enemy.obj
c:\users\ruben\documents\uoc\programaciongrafica\pec2\pacman\_build\obj\x64\release\pacman\audiomanager.obj
c:\users\ruben\documents\uoc\programaciongrafica\pec2\pacman\_bin\release\pacman.exe
c:\users\ruben\documents\uoc\programaciongrafica\pec2\pacman\_bin\release\pacman.pdb
c:\users\ruben\documents\uoc\programaciongrafica\pec2\pacman\_build\obj\x64\release\pacman\pacman.tlog\cl.command.1.tlog
c:\users\ruben\documents\uoc\programaciongrafica\pec2\pacman\_build\obj\x64\release\pacman\pacman.tlog\cl.read.1.tlog
c:\users\ruben\documents\uoc\programaciongrafica\pec2\pacman\_build\obj\x64\release\pacman\pacman.tlog\cl.write.1.tlog
c:\users\ruben\documents\uoc\programaciongrafica\pec2\pacman\_build\obj\x64\release\pacman\pacman.tlog\link.command.1.tlog
c:\users\ruben\documents\uoc\programaciongrafica\pec2\pacman\_build\obj\x64\release\pacman\pacman.tlog\link.read.1.tlog
c:\users\ruben\documents\uoc\programaciongrafica\pec2\pacman\_build\obj\x64\release\pacman\pacman.tlog\link.write.1.tlog
